<?xml version="1.0" encoding="UTF-8"?>
<!-- Generated by org.testng.reporters.JUnitXMLReporter -->
<testsuite hostname="DESKTOP-986UGOM" ignored="0" name="HomePage" tests="3" failures="0" timestamp="17 Apr 2017 04:03:23 GMT" time="26.833" errors="0">
  <testcase name="PurchaseTicket" time="0.908" classname="com.test.testngExamples.FirstTest"/>
  <testcase name="RegisterUser" time="4.125" classname="com.test.testngExamples.FirstTest"/>
  <testcase name="f" time="0.002" classname="com.test.testngExamples.SecondTest"/>
</testsuite> <!-- HomePage -->
