<?xml version="1.0" encoding="UTF-8"?>
<!-- Generated by org.testng.reporters.JUnitXMLReporter -->
<testsuite hostname="DESKTOP-986UGOM" ignored="1" name="groupTest" tests="1" failures="1" timestamp="22 Apr 2017 23:31:40 GMT" time="0.047" errors="0">
  <testcase name="PurchaseTicket" time="0.016" classname="com.test.testngExamples.FirstTest">
    <failure type="java.lang.NullPointerException">
      <![CDATA[java.lang.NullPointerException
	at com.test.testngExamples.FirstTest.PurchaseTicket(FirstTest.java:24)
... Removed 25 stack frames]]>
    </failure>
  </testcase> <!-- PurchaseTicket -->
  <testcase name="RegisterUser" time="0.0" classname="com.test.testngExamples.FirstTest">
    <ignored/>
  </testcase> <!-- RegisterUser -->
</testsuite> <!-- groupTest -->
